-1 20 20 20 20 20 20 20 20 20 20 20 20 20 20 20 20 20 20 20 20 21 22 23 24 25 26 27 28 29 30 31 32 33 34 35 36 37 38 39 40 41 42 43 44 45 46 47 48 49 50 51 52 53 54 55 56 57 58 59 60 61 62 63 64 65 66 67 68 69 70 71 72 73 74 75 76 77 78 79 80 81 82 83 84 85 86 87 88 89 90 91 92 93 94 95 96 97 98 -1 
-1 19 19 19 19 19 19 19 19 19 19 19 19 19 19 19 19 19 19 19 20 21 22 23 24 25 26 27 28 29 30 31 32 33 34 35 36 37 38 39 40 41 42 43 44 45 46 -1 49 50 51 52 53 54 55 56 57 58 59 60 61 62 63 64 65 66 67 68 69 70 71 72 73 74 75 76 77 78 78 79 80 81 82 83 84 85 86 87 88 89 90 91 92 93 94 95 96 97 98 -1 
-1 18 18 18 18 18 18 18 18 18 18 18 18 18 18 18 18 18 18 19 20 21 22 23 24 25 26 27 28 29 30 31 32 33 34 35 36 37 38 39 40 41 42 43 44 45 46 -1 50 50 51 52 53 54 55 56 57 58 59 60 61 62 63 64 65 66 67 68 69 70 71 72 73 74 75 76 77 77 78 79 80 81 82 83 84 85 86 87 88 89 90 91 92 93 94 95 96 97 98 -1 
-1 17 17 17 17 17 17 17 17 17 17 17 17 17 17 17 17 17 18 19 20 21 22 23 24 25 26 27 28 29 30 31 32 33 34 35 36 37 38 39 40 41 42 43 44 45 46 -1 51 51 51 52 53 54 55 56 57 58 59 60 61 62 63 64 65 66 67 68 69 70 71 72 73 74 75 76 76 77 78 79 80 81 82 83 84 85 86 87 88 89 90 91 92 93 94 95 96 97 98 -1 
-1 16 16 16 16 16 16 16 16 16 16 16 16 16 16 16 16 17 18 19 20 21 22 23 24 25 26 27 28 29 30 31 32 33 34 35 36 37 38 39 40 41 42 43 44 45 46 -1 52 52 52 52 53 54 55 56 57 58 59 60 61 62 63 64 65 66 67 68 69 70 71 72 73 74 75 75 76 77 78 79 80 81 82 83 84 85 86 87 88 89 90 91 92 93 94 95 96 97 98 -1 
-1 15 15 15 15 15 15 15 15 15 15 15 15 15 15 15 16 17 18 19 20 21 22 23 24 25 26 27 28 29 30 31 32 33 34 35 36 37 38 39 40 41 42 43 44 45 46 -1 53 53 53 53 53 54 55 56 57 58 59 60 61 62 63 64 65 66 67 68 69 70 71 72 73 74 74 75 76 77 78 79 80 81 82 83 84 85 86 87 88 89 90 91 92 93 94 95 96 97 98 -1 
-1 14 14 14 14 14 14 14 14 14 14 14 14 14 14 15 16 17 18 19 20 21 22 23 24 25 26 27 28 29 30 31 32 33 34 35 36 37 38 39 40 41 42 43 44 45 46 -1 54 54 54 54 54 54 55 56 57 58 59 60 61 62 63 64 65 66 67 68 69 70 71 72 73 73 74 75 76 77 78 79 80 81 82 83 84 85 86 87 88 89 90 91 92 93 94 95 96 97 98 -1 
-1 13 13 13 13 13 13 13 13 13 13 13 13 13 14 15 16 17 18 19 20 21 22 23 24 25 26 27 28 29 30 31 32 33 34 35 36 37 38 39 40 41 42 43 44 45 46 -1 55 55 55 55 55 55 55 56 57 58 59 60 61 62 63 64 65 66 67 68 69 70 71 72 72 73 74 75 76 77 78 79 80 81 82 83 84 85 86 87 88 89 90 91 92 93 94 95 96 97 98 -1 
-1 12 12 12 12 12 12 12 12 12 12 12 12 13 14 15 16 17 18 19 20 21 22 23 24 25 26 27 28 29 30 31 32 33 34 35 36 37 38 39 40 41 42 43 44 45 46 -1 56 56 56 56 56 56 56 56 57 58 59 60 61 62 63 64 65 66 67 68 69 70 71 71 72 73 74 75 76 77 78 79 80 81 82 83 84 85 86 87 88 89 90 91 92 93 94 95 96 97 98 -1 
-1 11 11 11 11 11 11 11 11 11 11 11 12 13 14 15 16 17 18 19 20 21 22 23 24 25 26 27 28 29 30 31 32 33 34 35 36 37 38 39 40 41 42 43 44 45 46 -1 57 57 57 57 57 57 57 57 57 58 59 60 61 62 63 64 65 66 67 68 69 70 70 71 72 73 74 75 76 77 78 79 80 81 82 83 84 85 86 87 88 89 90 91 92 93 94 95 96 97 98 -1 
-1 10 10 10 10 10 10 10 10 10 10 11 12 13 14 15 16 17 18 19 20 21 22 23 24 25 26 27 28 29 30 31 32 33 34 35 36 37 38 39 40 41 42 43 44 45 46 -1 58 58 58 58 58 58 58 58 58 58 59 60 61 62 63 64 65 66 67 68 69 69 70 71 72 73 74 75 76 77 78 79 80 81 82 83 84 85 86 87 88 89 90 91 92 93 94 95 96 97 98 -1 
-1 9 9 9 9 9 9 9 9 9 10 11 12 13 14 15 16 17 18 19 20 21 22 23 24 25 26 27 28 29 30 31 32 33 34 35 36 37 38 39 40 41 42 43 44 45 46 -1 59 59 59 59 59 59 59 59 59 59 59 60 61 62 63 64 65 66 67 68 68 69 70 71 72 73 74 75 76 77 78 79 80 81 82 83 84 85 86 87 88 89 90 91 92 93 94 95 96 97 98 -1 
-1 8 8 8 8 8 8 8 8 9 10 11 12 13 14 15 16 17 18 19 20 21 22 23 24 25 26 27 28 29 30 31 32 33 34 35 36 37 38 39 40 41 42 43 44 45 46 -1 60 60 60 60 60 60 60 60 60 60 60 60 61 62 63 64 65 66 67 67 68 69 70 71 72 73 74 75 76 77 78 79 80 81 82 83 84 85 86 87 88 89 90 91 92 93 94 95 96 97 98 -1 
-1 7 7 7 7 7 7 7 8 9 10 11 12 13 14 15 16 17 18 19 20 21 22 23 -1 -1 -1 -1 -1 -1 -1 -1 -1 -1 -1 -1 -1 -1 -1 -1 -1 -1 -1 -1 -1 -1 -1 -1 -1 -1 -1 -1 -1 -1 -1 -1 -1 -1 -1 -1 -1 -1 -1 -1 -1 -1 66 67 68 69 70 71 72 73 74 75 76 77 78 79 80 81 82 83 84 85 86 87 88 89 90 91 92 93 94 95 96 97 98 -1 
-1 6 6 6 6 6 6 7 8 9 10 11 12 13 14 15 16 17 18 19 20 21 22 23 -1 27 27 27 28 29 30 31 32 33 34 35 36 37 38 39 40 41 42 43 44 45 46 47 48 49 50 51 52 53 54 55 56 57 58 59 60 61 62 63 64 65 66 67 68 69 70 71 72 73 74 75 76 77 78 79 80 81 82 83 84 85 86 87 88 89 90 91 92 93 94 95 96 97 98 -1 
-1 5 5 5 5 5 6 7 8 9 10 11 12 13 14 15 16 17 18 19 20 21 22 23 -1 26 26 27 28 29 30 31 32 33 34 35 36 37 38 39 40 41 42 43 44 45 46 47 48 49 50 51 52 53 54 55 56 57 58 59 60 61 62 63 64 65 66 67 68 69 70 71 72 73 74 75 76 77 78 79 80 81 82 83 84 85 86 87 88 89 90 91 92 93 94 95 96 97 98 -1 
-1 4 4 4 4 5 6 7 8 9 -1 -1 -1 -1 -1 -1 -1 -1 -1 -1 -1 -1 -1 -1 -1 25 26 27 28 29 30 31 32 33 34 35 36 37 38 39 40 41 42 43 44 45 46 47 48 49 50 51 52 53 54 55 56 57 58 59 60 61 62 63 64 65 66 67 68 69 70 71 72 73 74 75 76 77 78 79 80 81 82 83 84 -1 86 87 88 89 90 91 92 93 94 95 96 -1 98 -1 
-1 3 3 3 4 5 6 7 -1 9 10 11 12 13 14 15 16 17 18 19 20 21 22 23 24 25 26 27 28 29 30 31 32 33 34 35 36 37 38 39 40 41 42 43 44 45 46 47 48 49 50 51 52 53 54 55 56 57 58 59 60 61 62 63 64 65 66 67 68 69 70 71 72 73 74 75 76 77 78 79 80 81 82 83 84 85 86 87 88 89 90 91 92 93 94 95 96 97 98 -1 
-1 2 2 3 4 5 -1 7 8 9 10 11 12 13 14 15 16 17 18 19 20 21 22 23 24 25 26 27 28 29 30 31 32 33 34 35 36 37 38 39 40 41 42 43 44 45 46 47 48 49 50 51 52 53 54 55 56 57 58 59 60 61 62 63 64 65 66 67 68 69 70 71 72 73 74 75 76 77 78 79 80 81 82 83 84 85 86 87 88 89 90 91 92 93 94 95 96 97 98 -1 
-1 1 2 -1 4 5 6 7 8 9 10 11 12 13 14 15 16 17 18 19 20 21 22 23 24 25 26 27 28 29 30 31 32 33 34 35 36 37 38 39 40 41 42 43 44 45 46 47 48 49 50 51 52 53 54 55 56 57 58 59 60 61 62 63 64 65 66 67 68 69 70 71 72 73 74 75 76 77 78 79 80 81 82 83 84 85 86 87 88 89 90 91 92 93 94 95 96 97 98 -1 
-1 2 -1 3 4 5 6 7 8 9 10 11 12 13 14 15 16 17 18 19 20 21 22 23 24 25 26 27 28 29 30 31 32 33 34 35 36 37 38 39 40 41 42 43 44 45 46 47 48 49 50 51 52 53 54 55 56 57 58 59 60 61 62 63 64 65 66 67 68 69 70 71 72 73 74 75 76 77 78 79 80 81 82 83 84 85 86 87 88 89 90 91 92 93 94 95 96 97 98 -1 
-1 3 3 4 4 5 6 7 8 9 10 11 12 13 14 15 16 17 18 19 20 21 22 23 24 25 26 27 28 29 30 31 32 33 34 35 36 37 38 39 40 41 42 43 44 45 46 47 48 49 50 51 52 53 54 55 56 57 58 59 60 61 62 63 64 65 66 67 68 69 70 71 72 73 74 75 76 77 78 79 80 81 82 83 84 85 86 87 88 89 90 91 92 93 94 95 96 97 98 -1 
-1 4 4 4 5 5 6 7 8 9 10 11 12 13 14 15 16 17 18 19 20 21 22 23 -1 25 26 27 28 29 30 31 32 33 34 35 36 37 38 39 40 41 42 43 44 45 46 47 48 49 50 51 52 53 54 55 56 57 58 59 60 61 62 63 64 65 66 67 68 69 70 71 72 73 74 75 76 77 78 79 80 81 82 83 84 85 86 87 88 89 90 91 92 -1 -1 -1 -1 -1 -1 -1 
-1 5 5 5 5 6 6 7 8 9 10 11 12 13 14 15 16 17 18 19 20 21 22 23 -1 26 26 27 28 29 30 31 32 33 34 35 36 37 38 39 40 41 42 43 44 45 46 47 48 49 50 51 52 53 54 55 56 57 58 59 60 61 62 63 64 65 66 67 68 69 70 71 72 73 74 75 76 77 78 79 80 81 82 83 -1 85 86 87 88 89 -1 91 92 93 -1 97 97 -1 0 -1 
-1 6 6 6 6 6 7 7 8 9 10 11 12 13 14 15 16 17 18 19 20 21 22 23 -1 27 27 27 28 29 30 31 32 33 34 35 36 37 38 39 40 41 42 43 44 45 46 47 48 49 50 51 52 53 54 55 56 57 58 59 60 61 62 63 64 65 66 67 68 69 70 71 72 73 74 75 76 77 78 79 80 81 82 83 -1 86 86 87 88 89 -1 92 92 93 -1 96 96 -1 0 -1 
-1 7 7 7 7 7 7 8 8 9 10 11 12 13 14 15 16 17 18 19 20 21 22 23 -1 28 28 28 28 29 30 31 32 33 34 35 36 37 38 39 40 41 42 43 44 45 46 47 48 49 50 51 52 53 54 55 56 57 58 59 60 61 62 63 64 65 66 67 68 69 70 71 72 73 74 75 76 77 78 79 80 81 82 83 -1 85 86 87 88 89 -1 91 92 93 -1 95 96 -1 -1 -1 
-1 8 8 8 8 8 8 8 9 9 -1 -1 -1 -1 -1 -1 -1 -1 -1 -1 -1 -1 -1 -1 -1 29 29 29 29 29 30 31 32 33 34 35 36 37 38 39 40 41 42 43 44 45 46 47 48 49 50 51 52 53 54 55 56 57 58 59 60 61 62 63 64 65 66 67 68 69 70 71 72 73 74 75 76 77 78 79 80 81 82 83 84 85 86 87 88 89 90 91 92 93 94 95 96 -1 98 -1 
-1 9 9 9 9 9 9 9 9 10 -1 -1 13 14 15 -1 -1 -1 -1 -1 -1 -1 -1 -1 -1 30 30 30 30 30 30 31 32 33 34 35 36 37 38 39 40 41 42 43 44 45 46 47 48 49 50 51 52 53 54 55 56 57 58 59 60 61 62 63 64 65 66 67 68 69 70 71 72 73 74 75 76 77 78 79 80 81 82 83 84 85 86 87 88 89 90 91 92 93 94 95 96 97 98 -1 
-1 10 10 10 10 10 10 10 10 10 11 12 13 14 15 16 17 18 19 20 21 22 23 24 -1 31 31 31 31 31 31 31 32 33 34 35 36 37 38 39 40 41 -1 43 44 45 46 47 48 49 50 51 52 53 54 55 56 57 58 59 60 61 62 63 64 65 66 67 68 69 70 71 72 73 74 75 76 77 78 79 80 81 82 83 -1 85 86 87 88 89 -1 91 92 93 -1 95 96 -1 98 -1 
-1 11 11 11 11 11 11 11 11 11 11 12 13 14 15 16 17 18 19 20 21 22 23 24 -1 32 32 32 32 32 32 32 32 33 34 35 36 37 38 39 40 41 -1 44 44 45 46 47 48 49 50 51 52 53 54 55 56 57 -1 59 60 61 62 63 64 65 66 67 68 69 70 71 72 73 74 75 76 77 78 79 80 81 82 83 -1 86 86 87 88 89 -1 92 92 93 -1 96 96 -1 99 -1 
-1 12 12 12 12 12 12 12 12 12 12 12 13 14 15 16 17 18 19 20 21 22 23 24 -1 31 31 31 31 31 31 32 33 33 34 35 36 37 38 39 40 41 -1 45 45 45 46 47 48 49 50 51 52 53 54 55 56 57 -1 60 60 61 62 63 64 65 66 67 68 69 70 71 72 73 74 75 76 77 78 79 80 81 82 83 -1 87 87 87 88 89 -1 93 93 93 -1 97 97 -1 100 -1 
-1 13 13 13 13 13 13 13 13 13 13 13 13 14 15 16 17 18 19 20 21 22 23 24 -1 30 30 30 30 30 31 32 33 -1 -1 -1 -1 -1 -1 -1 -1 -1 -1 46 46 46 46 47 48 49 50 51 52 53 54 55 56 57 -1 61 61 61 62 63 64 65 66 67 68 69 70 71 72 73 74 75 76 77 78 79 80 81 82 83 -1 88 88 88 88 89 -1 94 94 94 -1 98 98 -1 101 -1 
-1 14 14 14 14 14 14 14 14 14 14 14 14 14 15 16 17 18 19 20 21 22 23 24 -1 29 29 29 29 30 31 32 33 -1 91 90 89 88 88 88 88 88 -1 47 47 47 47 47 48 49 50 51 52 53 54 55 56 57 -1 62 62 62 62 63 64 65 66 67 68 69 70 71 72 73 74 75 76 77 78 79 80 81 82 83 -1 88 88 88 88 89 -1 94 94 94 -1 99 99 -1 102 -1 
-1 15 15 15 15 15 15 15 15 15 15 15 15 15 15 16 17 18 19 20 21 22 23 24 -1 28 28 28 29 30 31 32 33 -1 91 90 89 88 87 87 87 87 -1 48 48 48 48 48 48 49 50 51 52 53 54 55 56 57 -1 63 63 63 63 63 64 65 66 67 68 69 70 71 72 73 74 75 76 77 78 79 80 81 82 83 -1 87 87 87 88 89 -1 93 93 93 -1 100 100 -1 103 -1 
-1 16 16 16 16 16 16 16 16 16 16 16 16 16 16 16 17 18 19 20 21 22 23 24 -1 27 27 28 29 30 31 32 33 -1 91 90 89 88 87 86 86 86 -1 49 49 49 49 49 49 49 50 51 52 53 54 55 56 57 -1 64 64 64 64 64 64 65 66 67 68 69 70 71 72 73 74 75 76 77 78 79 80 81 82 83 -1 86 86 87 88 89 -1 92 92 93 -1 101 101 -1 104 -1 
-1 17 17 17 17 17 17 17 17 17 17 17 17 17 17 17 17 18 19 20 21 22 23 24 -1 26 27 28 29 30 31 32 33 -1 91 90 89 88 87 86 85 85 -1 50 50 50 50 50 50 50 50 51 52 53 54 55 56 57 -1 65 65 65 65 65 65 65 66 67 68 69 70 71 72 73 74 75 76 77 78 79 80 81 82 83 -1 85 86 87 88 89 -1 91 92 93 -1 102 102 -1 105 -1 
-1 -1 -1 -1 -1 -1 -1 -1 -1 -1 -1 -1 -1 -1 -1 -1 18 18 19 20 21 22 23 24 25 -1 -1 -1 -1 -1 -1 -1 -1 -1 91 90 89 88 87 86 85 84 -1 -1 -1 -1 -1 -1 -1 -1 -1 -1 -1 -1 -1 -1 -1 -1 -1 66 66 66 66 66 66 66 66 67 68 69 70 71 72 73 74 75 76 77 78 79 80 81 82 83 84 85 86 87 88 89 90 91 -1 -1 -1 -1 -1 -1 -1 -1 
34 33 32 31 30 29 28 27 26 25 24 23 22 21 20 19 19 19 19 20 21 22 23 24 25 -1 99 98 97 96 95 94 93 92 91 90 89 88 87 86 85 84 83 82 81 80 79 78 77 76 75 74 73 72 71 70 69 68 67 -1 -1 -1 -1 -1 -1 -1 -1 -1 -1 -1 -1 -1 -1 -1 -1 -1 -1 -1 -1 -1 80 81 82 83 84 85 86 87 88 89 90 91 92 93 94 95 96 97 98 -1 
34 33 32 31 30 29 28 27 26 25 24 23 22 21 20 20 20 20 20 20 21 22 23 -1 -1 -1 -1 -1 -1 -1 -1 -1 -1 -1 -1 -1 -1 -1 -1 -1 -1 -1 -1 -1 -1 -1 -1 -1 -1 -1 -1 -1 -1 -1 -1 -1 -1 -1 -1 -1 -1 -1 -1 -1 -1 -1 -1 -1 -1 -1 -1 -1 -1 87 86 85 84 83 82 81 81 81 82 83 84 85 86 87 88 89 90 91 92 93 94 95 96 97 98 -1 
-1 33 -1 31 -1 29 -1 27 -1 25 -1 23 -1 21 -1 21 -1 -1 21 -1 21 -1 23 -1 0 -1 0 -1 0 -1 0 -1 0 -1 -1 0 -1 0 -1 0 -1 0 -1 0 -1 0 -1 0 -1 0 -1 -1 0 -1 0 -1 0 -1 0 -1 0 -1 0 -1 0 -1 0 -1 -1 0 -1 0 -1 87 -1 85 -1 83 -1 82 -1 82 -1 83 -1 -1 86 -1 88 -1 90 -1 92 -1 94 -1 96 -1 98 -1 
