Performing C SOURCE FILE Test CMAKE_HAVE_LIBC_PTHREAD failed with the following output:
Change Dir: /home/geo/Programming/University/Semester5/PPD/LoG-Cuda/cmake-build-debug/CMakeFiles/CMakeTmp

Run Build Command(s):/usr/bin/make cmTC_2e086/fast && /usr/bin/make -f CMakeFiles/cmTC_2e086.dir/build.make CMakeFiles/cmTC_2e086.dir/build
make[1]: Entering directory '/home/geo/Programming/University/Semester5/PPD/LoG-Cuda/cmake-build-debug/CMakeFiles/CMakeTmp'
Building C object CMakeFiles/cmTC_2e086.dir/src.c.o
/usr/bin/gcc-6   -fPIC -DCMAKE_HAVE_LIBC_PTHREAD   -o CMakeFiles/cmTC_2e086.dir/src.c.o   -c /home/geo/Programming/University/Semester5/PPD/LoG-Cuda/cmake-build-debug/CMakeFiles/CMakeTmp/src.c
Linking C executable cmTC_2e086
/snap/clion/99/bin/cmake/linux/bin/cmake -E cmake_link_script CMakeFiles/cmTC_2e086.dir/link.txt --verbose=1
/usr/bin/gcc-6 -fPIC -DCMAKE_HAVE_LIBC_PTHREAD    -rdynamic CMakeFiles/cmTC_2e086.dir/src.c.o  -o cmTC_2e086 
CMakeFiles/cmTC_2e086.dir/src.c.o: In function `main':
src.c:(.text+0x3e): undefined reference to `pthread_create'
src.c:(.text+0x4a): undefined reference to `pthread_detach'
src.c:(.text+0x5b): undefined reference to `pthread_join'
src.c:(.text+0x6f): undefined reference to `pthread_atfork'
collect2: error: ld returned 1 exit status
CMakeFiles/cmTC_2e086.dir/build.make:86: recipe for target 'cmTC_2e086' failed
make[1]: *** [cmTC_2e086] Error 1
make[1]: Leaving directory '/home/geo/Programming/University/Semester5/PPD/LoG-Cuda/cmake-build-debug/CMakeFiles/CMakeTmp'
Makefile:121: recipe for target 'cmTC_2e086/fast' failed
make: *** [cmTC_2e086/fast] Error 2


Source file was:
#include <pthread.h>

void* test_func(void* data)
{
  return data;
}

int main(void)
{
  pthread_t thread;
  pthread_create(&thread, NULL, test_func, NULL);
  pthread_detach(thread);
  pthread_join(thread, NULL);
  pthread_atfork(NULL, NULL, NULL);
  pthread_exit(NULL);

  return 0;
}

Determining if the function pthread_create exists in the pthreads failed with the following output:
Change Dir: /home/geo/Programming/University/Semester5/PPD/LoG-Cuda/cmake-build-debug/CMakeFiles/CMakeTmp

Run Build Command(s):/usr/bin/make cmTC_fc4d4/fast && /usr/bin/make -f CMakeFiles/cmTC_fc4d4.dir/build.make CMakeFiles/cmTC_fc4d4.dir/build
make[1]: Entering directory '/home/geo/Programming/University/Semester5/PPD/LoG-Cuda/cmake-build-debug/CMakeFiles/CMakeTmp'
Building C object CMakeFiles/cmTC_fc4d4.dir/CheckFunctionExists.c.o
/usr/bin/gcc-6   -fPIC -DCHECK_FUNCTION_EXISTS=pthread_create   -o CMakeFiles/cmTC_fc4d4.dir/CheckFunctionExists.c.o   -c /snap/clion/99/bin/cmake/linux/share/cmake-3.15/Modules/CheckFunctionExists.c
Linking C executable cmTC_fc4d4
/snap/clion/99/bin/cmake/linux/bin/cmake -E cmake_link_script CMakeFiles/cmTC_fc4d4.dir/link.txt --verbose=1
/usr/bin/gcc-6 -fPIC -DCHECK_FUNCTION_EXISTS=pthread_create    -rdynamic CMakeFiles/cmTC_fc4d4.dir/CheckFunctionExists.c.o  -o cmTC_fc4d4 -lpthreads 
/usr/bin/x86_64-linux-gnu-ld: cannot find -lpthreads
collect2: error: ld returned 1 exit status
CMakeFiles/cmTC_fc4d4.dir/build.make:86: recipe for target 'cmTC_fc4d4' failed
make[1]: *** [cmTC_fc4d4] Error 1
make[1]: Leaving directory '/home/geo/Programming/University/Semester5/PPD/LoG-Cuda/cmake-build-debug/CMakeFiles/CMakeTmp'
Makefile:121: recipe for target 'cmTC_fc4d4/fast' failed
make: *** [cmTC_fc4d4/fast] Error 2



