     1                                  bits 32 
     2                                  
     3                                  
     4                                  global start        
     5                                  
     6                                  
     7                                  extern exit, scanf, printf, concat              
     8                                  import exit msvcrt.dll
     9                                  import scanf msvcrt.dll
    10                                  import printf msvcrt.dll
    11                                  
    12                                   
    13                                  segment data use32 class=data
    14                                      
    15                                      len equ 11
    16                                      len_rez equ 31
    17 00000000 00<rept>                    sir1 times len db 0
    18 0000000B 00<rept>                    sir2 times len db 0
    19 00000016 00<rept>                    sir3 times len db 0
    20 00000021 00<rept>                    rez times len db 0
    21 0000002C 257300                      format_read db "%s", 0
    22                                  
    23                                  
    24                                  segment code use32 class=code
    25                                      start:
    26                                          
    27 00000000 68[00000000]                    push DWORD sir1
    28 00000005 68[2C000000]                    push DWORD format_read
    29 0000000A FF15[00000000]                  call [scanf]
    30 00000010 83C408                          add ESP, 4*2
    31                                          
    32 00000013 68[0B000000]                    push DWORD sir2
    33 00000018 68[2C000000]                    push DWORD format_read
    34 0000001D FF15[00000000]                  call [scanf]
    35 00000023 83C408                          add ESP, 4*2
    36                                          
    37 00000026 68[16000000]                    push DWORD sir3
    38 0000002B 68[2C000000]                    push DWORD format_read
    39 00000030 FF15[00000000]                  call [scanf]
    40 00000036 83C408                          add ESP, 4*2
    41                                          
    42 00000039 68[21000000]                    push DWORD rez
    43 0000003E 68[00000000]                    push DWORD sir1
    44 00000043 E8(00000000)                    call concat
    45 00000048 83C408                          add ESP, 4*2
    46                                          
    47 0000004B 68[21000000]                    push DWORD rez
    48 00000050 68[0B000000]                    push DWORD sir2
    49 00000055 E8(00000000)                    call concat
    50 0000005A 83C408                          add ESP, 4*2
    51                                          
    52 0000005D 68[21000000]                    push DWORD rez
    53 00000062 68[16000000]                    push DWORD sir3
    54 00000067 E8(00000000)                    call concat
    55 0000006C 83C408                          add ESP, 4*2
    56                                          
    57 0000006F 68[21000000]                    push DWORD rez
    58 00000074 68[2C000000]                    push DWORD format_read
    59 00000079 FF15[00000000]                  call [printf]
    60 0000007F 83C408                          add ESP, 4*2
    61                                          
    62 00000082 6A00                            push    dword 0      
    63 00000084 FF15[00000000]                  call    [exit]       
