     1                                  bits 32
     2                                  
     3                                  
     4                                  global start        
     5                                  
     6                                  
     7                                  extern exit              
     8                                  import exit msvcrt.dll
     9                                  segment data use32 class=data
    10                                      ; ...
    11 00000000 AB000000                    b dd 0xAB
    12 00000004 0A00<rept>                  a times 3 dw 10
    13 0000000A FF                          test_ db -1
    14                                  ; our code starts here
    15                                  segment code use32 class=code
    16                                      start:
    17                                         
    18                                          
    19 00000000 6A00                            push    dword 0      
    20 00000002 FF15[00000000]                  call    [exit]      
