     1                                  bits 32
     2                                  
     3                                  
     4                                  global start        
     5                                  
     6                                  
     7                                  extern exit              
     8                                  import exit msvcrt.dll
     9                                  segment data use32 class=data
    10                                      ; ...
    11                                  
    12                                  ; our code starts here
    13                                  segment code use32 class=code
    14                                      start:
    15                                      
    16 00000000 66B8FFFF                       mov AX, 65535
    17 00000004 6699                           cwd
    18 00000006 66BB0700                       mov BX, 7
    19 0000000A 66F7FB                         idiv BX
    20                                         
    21                                         
    22 0000000D 6A00                           push    dword 0      
    23 0000000F FF15[00000000]                 call    [exit]      
