     1                                  bits 32
     2                                  
     3                                  
     4                                  global start        
     5                                  
     6                                  
     7                                  extern exit              
     8                                  import exit msvcrt.dll
     9                                  segment data use32 class=data
    10                                      ; ...
    11                                  
    12                                  ; our code starts here
    13                                  segment code use32 class=code
    14                                      start:
    15 00000000 B00F                            mov AL, 250 >> 4
    16 00000002 B0FF                            mov AL, 0FFFFh >> 4
    16          ******************       warning: byte data exceeds bounds [-w+number-overflow]
    17 00000004 B00E                            mov AL, 0EFFFh >> 12
    18 00000006 B0FF                            mov AL, -1 >> 4
    18          ******************       warning: byte data exceeds bounds [-w+number-overflow]
    19 00000008 B0FF                            mov AL, -1>>12
    19          ******************       warning: byte data exceeds bounds [-w+number-overflow]
    20 0000000A 6A00                            push    dword 0      
    21 0000000C FF15[00000000]                  call    [exit]      
