256
49
379
49
256
325
49
49
379
49
379
49
379
49
256
49
49
49
49
256
256
49
49
49
379
379
49
256
49
3314
49
256
49
256
256
49
379
256
3314
256
256
256
49
49
49
49
49
256
379
769
510
49
49
49
49
3314
510
379
256
379
49
513
256
379
256
49
49
379
513
256
256
49
325
49
49
256
256
256
49
49
256
49
256
256
256
49
256
510
379
769
49
6715
49
49
49
49
256
49
49
49
256
49
379
49
256
49
256
49
769
256
379
256
256
451
49
256
256
49
325
256
49
256
49
49
49
256
49
256
49
256
49
49
256
379
256
49
256
49
379
256
49
510
6871
451
49
49
451
510
49
256
3770
659
49
379
49
49
49
49
49
49
49
49
379
49
49
49
49
256
49
49
49
49
256
49
659
49
49
2739
379
325
49
513
49
256
49
510
49
49
256
256
256
49
2161
256
513
49
2739
49
49
256
