     1                                  bits 32
     2                                  
     3                                  
     4                                  global start        
     5                                  
     6                                  
     7                                  extern exit , printf, scanf             
     8                                  import exit msvcrt.dll
     9                                  import printf msvcrt.dll
    10                                  import scanf msvcrt.dll
    11                                  segment data use32 class=data
    12                                      ; ...
    13 00000000 00000000                    n dd  0 ;alocare de memorie fara asignare
    14 00000004 256400                     format_scan db "%d", 0
    15 00000007 70756C61206D65610A-        format_printf db "pula mea",10, 13, 0
    15 00000010 0D00               
    16                                  
    17                                  ; our code starts here
    18                                  segment code use32 class=code
    19                                      start:
    20 00000000 68[00000000]                    push dword n
    21 00000005 68[04000000]                    push dword format_scan
    22 0000000A FF15[00000000]                  call [scanf]
    23 00000010 83C408                          add ESP, 4*2
    24                                          ;afisez n
    25 00000013 FF35[00000000]                  push DWORD [n] ;pentru afisare punem valoarea
    26 00000019 68[07000000]                    push format_printf
    27 0000001E FF15[00000000]                  call [printf]
    28 00000024 FF15[00000000]                  call [printf]
    29                                          
    30 0000002A 83C408                          add ESP, 4*2
    31 0000002D 6A00                            push    dword 0      
    32 0000002F FF15[00000000]                  call    [exit]      
