     1                                  bits 32
     2                                  
     3                                  
     4                                  global start        
     5                                  
     6                                  
     7                                  extern exit, printf, scanf              
     8                                  import exit msvcrt.dll
     9                                  import scanf msvcrt.dll
    10                                  import printf msvcrt.dll
    11                                  segment data use32 class=data
    12 00000000 00000000                    a dd 0
    13 00000004 25640000                    format_scan dw "%d", 0
    14 00000008 25780000                    format_print dw "%x", 0
    15                                  ; our code starts here
    16                                  segment code use32 class=code
    17                                      start:
    18 00000000 68[00000000]                    push DWORD a
    19 00000005 68[04000000]                    push DWORD format_scan
    20 0000000A FF15[00000000]                  call [scanf]
    21 00000010 83C408                          add ESP, 4*2
    22                                          
    23 00000013 FF35[00000000]                  push DWORD [a]
    24 00000019 68[08000000]                    push DWORD format_print
    25 0000001E FF15[00000000]                  call [printf]
    26 00000024 83C408                          add ESP, 4*2
    27 00000027 6A00                            push    dword 0      
    28 00000029 FF15[00000000]                  call    [exit]      
