     1                                  bits 32 
     2                                  
     3                                  
     4                                  global start        
     5                                  
     6                                  
     7                                  extern exit               
     8                                  import exit msvcrt.dll    
     9                                  
    10                                  segment data use32 class=data
    11                                      ; ...
    12                                  
    13                                     ; a df -1
    14                                  segment code use32 class=code
    15                                      start:
    16                                          
    17 00000000 8ED8                            mov DS, EAX
    18                                          
    19 00000002 6A00                            push    dword 0      
    20 00000004 FF15[00000000]                  call    [exit]       
